[2019-03-27 00:12:38,086] DEBUG (remote_connection.py: 478) POST http://127.0.0.1:54046/session {"capabilities": {"alwaysMatch": {"browserName": "chrome", "platformName": "any"}, "firstMatch": [{}]}, "desiredCapabilities": {"platform": "ANY", "browserName": "chrome", "version": "", "chromeOptions": {"args": [], "extensions": []}}}
[2019-03-27 00:12:40,609] DEBUG (remote_connection.py: 565) Finished Request
[2019-03-27 00:12:40,609] DEBUG (remote_connection.py: 478) POST http://127.0.0.1:54046/session/8c6397f912d98fb0caea963b77bfa00b/url {"url": "https://fss.virtusa.com", "sessionId": "8c6397f912d98fb0caea963b77bfa00b"}
[2019-03-27 00:12:45,138] DEBUG (remote_connection.py: 565) Finished Request
[2019-03-27 00:12:45,138] DEBUG (ticket_script.py: 115) Chrome driver path: C:\Users\sratnappuli\Desktop\delegated_tickets_script\drivers\chromedriver.exe
[2019-03-27 00:12:45,138] DEBUG (ticket_script.py: 116) Artologik URL: https://fss.virtusa.com
[2019-03-27 00:12:50,138] DEBUG (remote_connection.py: 478) POST http://127.0.0.1:54046/session/8c6397f912d98fb0caea963b77bfa00b/element {"using": "id", "sessionId": "8c6397f912d98fb0caea963b77bfa00b", "value": "UserName"}
[2019-03-27 00:12:50,157] DEBUG (remote_connection.py: 565) Finished Request
[2019-03-27 00:12:50,157] DEBUG (remote_connection.py: 478) POST http://127.0.0.1:54046/session/8c6397f912d98fb0caea963b77bfa00b/element/0.8390277888175519-1/click {"sessionId": "8c6397f912d98fb0caea963b77bfa00b", "id": "0.8390277888175519-1"}
[2019-03-27 00:12:50,253] DEBUG (remote_connection.py: 565) Finished Request
[2019-03-27 00:12:50,253] DEBUG (remote_connection.py: 478) POST http://127.0.0.1:54046/session/8c6397f912d98fb0caea963b77bfa00b/element/0.8390277888175519-1/value {"text": "sratnappuli", "sessionId": "8c6397f912d98fb0caea963b77bfa00b", "id": "0.8390277888175519-1", "value": ["s", "r", "a", "t", "n", "a", "p", "p", "u", "l", "i"]}
[2019-03-27 00:12:50,382] DEBUG (remote_connection.py: 565) Finished Request
[2019-03-27 00:12:50,382] INFO (ticket_script.py: 126) Username box found
[2019-03-27 00:12:51,384] DEBUG (remote_connection.py: 478) POST http://127.0.0.1:54046/session/8c6397f912d98fb0caea963b77bfa00b/element {"using": "id", "sessionId": "8c6397f912d98fb0caea963b77bfa00b", "value": "PassWordaaa"}
[2019-03-27 00:12:51,401] DEBUG (remote_connection.py: 565) Finished Request
[2019-03-27 00:12:51,401] ERROR (ticket_script.py: 202) Message: no such element: Unable to locate element: {"method":"id","selector":"PassWordaaa"}
  (Session info: chrome=72.0.3626.121)
  (Driver info: chromedriver=73.0.3683.68 (47787ec04b6e38e22703e856e101e840b65afe72),platform=Windows NT 6.1.7601 SP1 x86_64)
Traceback (most recent call last):
  File "C:\Users\sratnappuli\Desktop\delegated_tickets_script\ticket_script.py", line 131, in initiate_artologik_login
    p = browser.find_element_by_id('PassWordaaa')
  File "C:\Python27\lib\site-packages\selenium\webdriver\remote\webdriver.py", line 341, in find_element_by_id
    return self.find_element(by=By.ID, value=id_)
  File "C:\Python27\lib\site-packages\selenium\webdriver\remote\webdriver.py", line 843, in find_element
    'value': value})['value']
  File "C:\Python27\lib\site-packages\selenium\webdriver\remote\webdriver.py", line 308, in execute
    self.error_handler.check_response(response)
  File "C:\Python27\lib\site-packages\selenium\webdriver\remote\errorhandler.py", line 194, in check_response
    raise exception_class(message, screen, stacktrace)
NoSuchElementException: Message: no such element: Unable to locate element: {"method":"id","selector":"PassWordaaa"}
  (Session info: chrome=72.0.3626.121)
  (Driver info: chromedriver=73.0.3683.68 (47787ec04b6e38e22703e856e101e840b65afe72),platform=Windows NT 6.1.7601 SP1 x86_64)

[2019-03-27 00:12:51,405] INFO (ticket_script.py: 203) Terminating the program...
[2019-03-27 00:12:51,405] DEBUG (remote_connection.py: 478) DELETE http://127.0.0.1:54046/session/8c6397f912d98fb0caea963b77bfa00b {"sessionId": "8c6397f912d98fb0caea963b77bfa00b"}
[2019-03-27 00:12:51,516] DEBUG (remote_connection.py: 565) Finished Request
