[2019-03-26 23:45:40,960] DEBUG (remote_connection.py: 478) POST http://127.0.0.1:61858/session {"capabilities": {"alwaysMatch": {"browserName": "chrome", "platformName": "any"}, "firstMatch": [{}]}, "desiredCapabilities": {"platform": "ANY", "browserName": "chrome", "version": "", "chromeOptions": {"args": [], "extensions": []}}}
[2019-03-26 23:45:48,160] DEBUG (remote_connection.py: 565) Finished Request
[2019-03-26 23:45:48,160] DEBUG (remote_connection.py: 478) POST http://127.0.0.1:61858/session/2c087ee0621dffc1e7aec241d68cf11b/url {"url": "https://fss.virtusa.com", "sessionId": "2c087ee0621dffc1e7aec241d68cf11b"}
[2019-03-26 23:45:51,788] DEBUG (remote_connection.py: 565) Finished Request
[2019-03-26 23:45:51,789] DEBUG (ticket_script.py: 108) Chrome driver path: C:\Users\sratnappuli\Desktop\delegated_tickets_script\drivers\chromedriver.exe
[2019-03-26 23:45:51,789] DEBUG (ticket_script.py: 109) Artologik URL: https://fss.virtusa.com
[2019-03-26 23:45:56,789] DEBUG (remote_connection.py: 478) POST http://127.0.0.1:61858/session/2c087ee0621dffc1e7aec241d68cf11b/element {"using": "id", "sessionId": "2c087ee0621dffc1e7aec241d68cf11b", "value": "UserName"}
[2019-03-26 23:45:56,815] DEBUG (remote_connection.py: 565) Finished Request
[2019-03-26 23:45:56,815] DEBUG (remote_connection.py: 478) POST http://127.0.0.1:61858/session/2c087ee0621dffc1e7aec241d68cf11b/element/0.17313094980491472-1/click {"sessionId": "2c087ee0621dffc1e7aec241d68cf11b", "id": "0.17313094980491472-1"}
[2019-03-26 23:45:56,875] DEBUG (remote_connection.py: 565) Finished Request
[2019-03-26 23:45:56,875] DEBUG (remote_connection.py: 478) POST http://127.0.0.1:61858/session/2c087ee0621dffc1e7aec241d68cf11b/element/0.17313094980491472-1/value {"text": "sratnappuli", "sessionId": "2c087ee0621dffc1e7aec241d68cf11b", "id": "0.17313094980491472-1", "value": ["s", "r", "a", "t", "n", "a", "p", "p", "u", "l", "i"]}
[2019-03-26 23:45:56,967] DEBUG (remote_connection.py: 565) Finished Request
[2019-03-26 23:45:56,967] INFO (ticket_script.py: 119) Username box found
[2019-03-26 23:45:57,967] DEBUG (remote_connection.py: 478) POST http://127.0.0.1:61858/session/2c087ee0621dffc1e7aec241d68cf11b/element {"using": "id", "sessionId": "2c087ee0621dffc1e7aec241d68cf11b", "value": "PassWordaaa"}
[2019-03-26 23:45:58,019] DEBUG (remote_connection.py: 565) Finished Request
[2019-03-26 23:45:58,019] ERROR (ticket_script.py: 196) Message: no such element: Unable to locate element: {"method":"id","selector":"PassWordaaa"}
  (Session info: chrome=72.0.3626.121)
  (Driver info: chromedriver=73.0.3683.68 (47787ec04b6e38e22703e856e101e840b65afe72),platform=Windows NT 6.1.7601 SP1 x86_64)
Traceback (most recent call last):
  File "C:\Users\sratnappuli\Desktop\delegated_tickets_script\ticket_script.py", line 124, in initiate_artologik_login
    p = browser.find_element_by_id('PassWordaaa')
  File "C:\Python27\lib\site-packages\selenium\webdriver\remote\webdriver.py", line 341, in find_element_by_id
    return self.find_element(by=By.ID, value=id_)
  File "C:\Python27\lib\site-packages\selenium\webdriver\remote\webdriver.py", line 843, in find_element
    'value': value})['value']
  File "C:\Python27\lib\site-packages\selenium\webdriver\remote\webdriver.py", line 308, in execute
    self.error_handler.check_response(response)
  File "C:\Python27\lib\site-packages\selenium\webdriver\remote\errorhandler.py", line 194, in check_response
    raise exception_class(message, screen, stacktrace)
NoSuchElementException: Message: no such element: Unable to locate element: {"method":"id","selector":"PassWordaaa"}
  (Session info: chrome=72.0.3626.121)
  (Driver info: chromedriver=73.0.3683.68 (47787ec04b6e38e22703e856e101e840b65afe72),platform=Windows NT 6.1.7601 SP1 x86_64)

[2019-03-26 23:45:58,023] INFO (ticket_script.py: 197) Terminating the program...
