[2019-03-27 03:14:48,244] DEBUG (remote_connection.py: 478) POST http://127.0.0.1:57200/session {"capabilities": {"alwaysMatch": {"browserName": "chrome", "platformName": "any"}, "firstMatch": [{}]}, "desiredCapabilities": {"platform": "ANY", "browserName": "chrome", "version": "", "chromeOptions": {"args": [], "extensions": []}}}
[2019-03-27 03:14:55,832] DEBUG (remote_connection.py: 565) Finished Request
[2019-03-27 03:14:55,832] DEBUG (remote_connection.py: 478) POST http://127.0.0.1:57200/session/225558d359b172483cae7e095e4ad5f8/url {"url": "https://fss.virtusa.com", "sessionId": "225558d359b172483cae7e095e4ad5f8"}
[2019-03-27 03:14:59,477] DEBUG (remote_connection.py: 565) Finished Request
[2019-03-27 03:14:59,477] DEBUG (ticket_script.py: 121) Chrome driver path: C:\Users\sratnappuli\Desktop\delegated_tickets_script\drivers\chromedriver.exe
[2019-03-27 03:14:59,479] DEBUG (ticket_script.py: 122) Artologik URL: https://fss.virtusa.com
[2019-03-27 03:15:04,479] DEBUG (remote_connection.py: 478) POST http://127.0.0.1:57200/session/225558d359b172483cae7e095e4ad5f8/element {"using": "id", "sessionId": "225558d359b172483cae7e095e4ad5f8", "value": "UserName"}
[2019-03-27 03:15:04,505] DEBUG (remote_connection.py: 565) Finished Request
[2019-03-27 03:15:04,505] DEBUG (remote_connection.py: 478) POST http://127.0.0.1:57200/session/225558d359b172483cae7e095e4ad5f8/element/0.8376141483249393-1/click {"sessionId": "225558d359b172483cae7e095e4ad5f8", "id": "0.8376141483249393-1"}
[2019-03-27 03:15:04,566] DEBUG (remote_connection.py: 565) Finished Request
[2019-03-27 03:15:04,568] DEBUG (remote_connection.py: 478) POST http://127.0.0.1:57200/session/225558d359b172483cae7e095e4ad5f8/element/0.8376141483249393-1/value {"text": "sratnappuliaa", "sessionId": "225558d359b172483cae7e095e4ad5f8", "id": "0.8376141483249393-1", "value": ["s", "r", "a", "t", "n", "a", "p", "p", "u", "l", "i", "a", "a"]}
[2019-03-27 03:15:04,665] DEBUG (remote_connection.py: 565) Finished Request
[2019-03-27 03:15:04,665] INFO (ticket_script.py: 131) Username box found
[2019-03-27 03:15:05,665] DEBUG (remote_connection.py: 478) POST http://127.0.0.1:57200/session/225558d359b172483cae7e095e4ad5f8/element {"using": "id", "sessionId": "225558d359b172483cae7e095e4ad5f8", "value": "PassWordaaa"}
[2019-03-27 03:15:05,684] DEBUG (remote_connection.py: 565) Finished Request
[2019-03-27 03:15:05,684] ERROR (ticket_script.py: 207) Message: no such element: Unable to locate element: {"method":"id","selector":"PassWordaaa"}
  (Session info: chrome=72.0.3626.121)
  (Driver info: chromedriver=73.0.3683.68 (47787ec04b6e38e22703e856e101e840b65afe72),platform=Windows NT 6.1.7601 SP1 x86_64)
Traceback (most recent call last):
  File "C:\Users\sratnappuli\Desktop\delegated_tickets_script\ticket_script.py", line 136, in initiate_artologik_login
    p = browser.find_element_by_id('PassWordaaa')
  File "C:\Python27\lib\site-packages\selenium\webdriver\remote\webdriver.py", line 341, in find_element_by_id
    return self.find_element(by=By.ID, value=id_)
  File "C:\Python27\lib\site-packages\selenium\webdriver\remote\webdriver.py", line 843, in find_element
    'value': value})['value']
  File "C:\Python27\lib\site-packages\selenium\webdriver\remote\webdriver.py", line 308, in execute
    self.error_handler.check_response(response)
  File "C:\Python27\lib\site-packages\selenium\webdriver\remote\errorhandler.py", line 194, in check_response
    raise exception_class(message, screen, stacktrace)
NoSuchElementException: Message: no such element: Unable to locate element: {"method":"id","selector":"PassWordaaa"}
  (Session info: chrome=72.0.3626.121)
  (Driver info: chromedriver=73.0.3683.68 (47787ec04b6e38e22703e856e101e840b65afe72),platform=Windows NT 6.1.7601 SP1 x86_64)

[2019-03-27 03:15:05,688] INFO (ticket_script.py: 208) Terminating the program...
[2019-03-27 03:15:05,688] DEBUG (remote_connection.py: 478) DELETE http://127.0.0.1:57200/session/225558d359b172483cae7e095e4ad5f8 {"sessionId": "225558d359b172483cae7e095e4ad5f8"}
[2019-03-27 03:15:05,859] DEBUG (remote_connection.py: 565) Finished Request
